[0.010s] Invoking command in '/home/toffanetto/ros2_ws/build/dolly_teleop': CMAKE_PREFIX_PATH=/opt/ros/foxy /usr/bin/cmake /home/toffanetto/ros2_ws/src/dolly_teleop -DCMAKE_INSTALL_PREFIX=/home/toffanetto/ros2_ws/install/dolly_teleop
[0.093s] -- The C compiler identification is GNU 9.3.0
[0.290s] -- The CXX compiler identification is GNU 9.3.0
[0.294s] -- Check for working C compiler: /usr/bin/cc
[0.441s] -- Check for working C compiler: /usr/bin/cc -- works
[0.442s] -- Detecting C compiler ABI info
[0.546s] -- Detecting C compiler ABI info - done
[0.556s] -- Detecting C compile features
[0.556s] -- Detecting C compile features - done
[0.558s] -- Check for working CXX compiler: /usr/bin/c++
[0.653s] -- Check for working CXX compiler: /usr/bin/c++ -- works
[0.654s] -- Detecting CXX compiler ABI info
[0.753s] -- Detecting CXX compiler ABI info - done
[0.764s] -- Detecting CXX compile features
[0.764s] -- Detecting CXX compile features - done
[0.766s] -- Found ament_cmake: 0.9.8 (/opt/ros/foxy/share/ament_cmake/cmake)
[0.785s] -- Found PythonInterp: /usr/bin/python3 (found suitable version "3.8.5", minimum required is "3") 
[0.785s] -- Using PYTHON_EXECUTABLE: /usr/bin/python3
[0.948s] -- Found geometry_msgs: 2.0.3 (/opt/ros/foxy/share/geometry_msgs/cmake)
[0.973s] -- Using all available rosidl_typesupport_c: rosidl_typesupport_fastrtps_c;rosidl_typesupport_introspection_c
[0.978s] -- Found rosidl_adapter: 1.2.0 (/opt/ros/foxy/share/rosidl_adapter/cmake)
[1.039s] -- Found OpenSSL: /usr/lib/x86_64-linux-gnu/libcrypto.so (found version "1.1.1f")  
[1.066s] -- Found FastRTPS: /opt/ros/foxy/include  
[1.133s] -- Using all available rosidl_typesupport_cpp: rosidl_typesupport_fastrtps_cpp;rosidl_typesupport_introspection_cpp
[1.208s] -- Found rclcpp: 2.3.0 (/opt/ros/foxy/share/rclcpp/cmake)
[1.245s] -- Found rmw_implementation_cmake: 1.0.2 (/opt/ros/foxy/share/rmw_implementation_cmake/cmake)
[1.246s] -- Using RMW implementation 'rmw_fastrtps_cpp' as default
[1.247s] -- Looking for pthread.h
[1.350s] -- Looking for pthread.h - found
[1.350s] -- Performing Test CMAKE_HAVE_LIBC_PTHREAD
[1.426s] -- Performing Test CMAKE_HAVE_LIBC_PTHREAD - Failed
[1.427s] -- Looking for pthread_create in pthreads
[1.649s] -- Looking for pthread_create in pthreads - not found
[1.649s] -- Looking for pthread_create in pthread
[1.807s] -- Looking for pthread_create in pthread - found
[1.808s] -- Found Threads: TRUE  
[1.932s] -- Found ament_lint_auto: 0.9.6 (/opt/ros/foxy/share/ament_lint_auto/cmake)
[1.992s] -- Added test 'copyright' to check source files copyright and LICENSE
[1.993s] -- Added test 'cppcheck' to perform static code analysis on C / C++ code
[1.993s] -- Configured cppcheck include dirs: 
[1.993s] -- Configured cppcheck exclude dirs and/or files: 
[1.993s] -- Added test 'cpplint' to check C / C++ code against the Google style
[1.993s] -- Configured cpplint exclude dirs and/or files: 
[1.994s] -- Added test 'lint_cmake' to check CMake code style
[1.995s] -- Added test 'uncrustify' to check C / C++ code style
[1.995s] -- Configured uncrustify additional arguments: 
[1.995s] -- Added test 'xmllint' to check XML markup files
[1.997s] -- Configuring done
[2.003s] -- Generating done
[2.019s] -- Build files have been written to: /home/toffanetto/ros2_ws/build/dolly_teleop
[2.027s] Invoked command in '/home/toffanetto/ros2_ws/build/dolly_teleop' returned '0': CMAKE_PREFIX_PATH=/opt/ros/foxy /usr/bin/cmake /home/toffanetto/ros2_ws/src/dolly_teleop -DCMAKE_INSTALL_PREFIX=/home/toffanetto/ros2_ws/install/dolly_teleop
[2.029s] Invoking command in '/home/toffanetto/ros2_ws/build/dolly_teleop': CMAKE_PREFIX_PATH=/opt/ros/foxy /usr/bin/cmake --build /home/toffanetto/ros2_ws/build/dolly_teleop -- -j12 -l12
[2.061s] [35m[1mScanning dependencies of target dolly_teleop_node[0m
[2.089s] [ 50%] [32mBuilding CXX object CMakeFiles/dolly_teleop_node.dir/src/dolly_teleop_node.cpp.o[0m
[3.140s] [01m[K/home/toffanetto/ros2_ws/src/dolly_teleop/src/dolly_teleop_node.cpp:[m[K In constructor ‘[01m[KTeleop::Teleop()[m[K’:
[3.140s] [01m[K/home/toffanetto/ros2_ws/src/dolly_teleop/src/dolly_teleop_node.cpp:31:18:[m[K [01;35m[Kwarning: [m[Kvariable ‘[01m[Kdefault_qos[m[K’ set but not used [[01;35m[K-Wunused-but-set-variable[m[K]
[3.140s]    31 |             auto [01;35m[Kdefault_qos[m[K = rclcpp::QoS(rclcpp::SystemDefaultsQoS());
[3.140s]       |                  [01;35m[K^~~~~~~~~~~[m[K
[3.689s] [100%] [32m[1mLinking CXX executable dolly_teleop_node[0m
[3.800s] [100%] Built target dolly_teleop_node
[3.810s] Invoked command in '/home/toffanetto/ros2_ws/build/dolly_teleop' returned '0': CMAKE_PREFIX_PATH=/opt/ros/foxy /usr/bin/cmake --build /home/toffanetto/ros2_ws/build/dolly_teleop -- -j12 -l12
[3.837s] Invoking command in '/home/toffanetto/ros2_ws/build/dolly_teleop': CMAKE_PREFIX_PATH=/opt/ros/foxy /usr/bin/cmake --install /home/toffanetto/ros2_ws/build/dolly_teleop
[3.845s] -- Install configuration: ""
[3.845s] -- Installing: /home/toffanetto/ros2_ws/install/dolly_teleop/lib/dolly_teleop/dolly_teleop_node
[3.845s] -- Set runtime path of "/home/toffanetto/ros2_ws/install/dolly_teleop/lib/dolly_teleop/dolly_teleop_node" to ""
[3.846s] -- Installing: /home/toffanetto/ros2_ws/install/dolly_teleop/share/ament_index/resource_index/package_run_dependencies/dolly_teleop
[3.846s] -- Installing: /home/toffanetto/ros2_ws/install/dolly_teleop/share/ament_index/resource_index/parent_prefix_path/dolly_teleop
[3.846s] -- Installing: /home/toffanetto/ros2_ws/install/dolly_teleop/share/dolly_teleop/environment/ament_prefix_path.sh
[3.846s] -- Installing: /home/toffanetto/ros2_ws/install/dolly_teleop/share/dolly_teleop/environment/ament_prefix_path.dsv
[3.846s] -- Installing: /home/toffanetto/ros2_ws/install/dolly_teleop/share/dolly_teleop/environment/path.sh
[3.846s] -- Installing: /home/toffanetto/ros2_ws/install/dolly_teleop/share/dolly_teleop/environment/path.dsv
[3.846s] -- Installing: /home/toffanetto/ros2_ws/install/dolly_teleop/share/dolly_teleop/local_setup.bash
[3.846s] -- Installing: /home/toffanetto/ros2_ws/install/dolly_teleop/share/dolly_teleop/local_setup.sh
[3.846s] -- Installing: /home/toffanetto/ros2_ws/install/dolly_teleop/share/dolly_teleop/local_setup.zsh
[3.846s] -- Installing: /home/toffanetto/ros2_ws/install/dolly_teleop/share/dolly_teleop/local_setup.dsv
[3.846s] -- Installing: /home/toffanetto/ros2_ws/install/dolly_teleop/share/dolly_teleop/package.dsv
[3.846s] -- Installing: /home/toffanetto/ros2_ws/install/dolly_teleop/share/ament_index/resource_index/packages/dolly_teleop
[3.847s] -- Installing: /home/toffanetto/ros2_ws/install/dolly_teleop/share/dolly_teleop/cmake/dolly_teleopConfig.cmake
[3.847s] -- Installing: /home/toffanetto/ros2_ws/install/dolly_teleop/share/dolly_teleop/cmake/dolly_teleopConfig-version.cmake
[3.847s] -- Installing: /home/toffanetto/ros2_ws/install/dolly_teleop/share/dolly_teleop/package.xml
[3.849s] Invoked command in '/home/toffanetto/ros2_ws/build/dolly_teleop' returned '0': CMAKE_PREFIX_PATH=/opt/ros/foxy /usr/bin/cmake --install /home/toffanetto/ros2_ws/build/dolly_teleop
